Removed Pin From Net: NetName=GND Pin=C11-1
Removed Pin From Net: NetName=GND Pin=C12-2
Removed Pin From Net: NetName=GND Pin=R12-1
Removed Pin From Net: NetName=VCC Pin=U4-1
Removed Member From Class: ClassName=Sheet1 Member=C11
Removed Member From Class: ClassName=Sheet1 Member=C12
Removed Member From Class: ClassName=Sheet1 Member=R12
Removed Member From Class: ClassName=Sheet1 Member=R13
Added Component: Designator=U2(MODULE_ESP32_NODEMCU)
Add component (AddParameter): Name = "Check_prices"; Value = "https://www.snapeda.com/parts/ESP32%20NODEMCU/Espressif+Systems/view-part/?ref=eda"; VariantName = "[No Variations]"
Add component (AddParameter): Name = "MF"; Value = "Espressif Systems"; VariantName = "[No Variations]"
Add component (AddParameter): Name = "MP"; Value = "ESP32 NODEMCU"; VariantName = "[No Variations]"
Add component (AddParameter): Name = "Package"; Value = "Package"; VariantName = "[No Variations]"
Add component (AddParameter): Name = "SnapEDA_Link"; Value = "https://www.snapeda.com/parts/ESP32%20NODEMCU/Espressif+Systems/view-part/?ref=snap"; VariantName = "[No Variations]"
Add component (AddParameter): Name = "Value"; Value = ""; VariantName = "[No Variations]"
Added Component: Designator=U5(JP 1X3)
Add component (AddParameter): Name = "Chung_Loai"; Value = "C?m"; VariantName = "[No Variations]"
Add component (AddParameter): Name = "Don_Vi"; Value = "Con"; VariantName = "[No Variations]"
Add component (AddParameter): Name = "Ghi_Chu"; Value = ""; VariantName = "[No Variations]"
Add component (AddParameter): Name = "Kieu_Chan"; Value = ""; VariantName = "[No Variations]"
Add component (AddParameter): Name = "Ma_Hang"; Value = "MH001302"; VariantName = "[No Variations]"
Add component (AddParameter): Name = "Ten_Linh_Kien"; Value = "Header 3P XH2.54-3P Ð?c Cong"; VariantName = "[No Variations]"
Added Pin To Net: NetName=GND Pin=U2-J4_1
Added Pin To Net: NetName=NetH3_3 Pin=U2-J4_4
Added Pin To Net: NetName=NetH3_4 Pin=U2-J4_5
Added Pin To Net: NetName=GND Pin=U2-J4_7
Added Pin To Net: NetName=NetJ2_5 Pin=U2-J4_13
Added Pin To Net: NetName=5V Pin=U2-J5_1
Added Pin To Net: NetName=NetJ2_3 Pin=U2-J5_3
Added Pin To Net: NetName=NetJ2_4 Pin=U2-J5_4
Added Pin To Net: NetName=GND Pin=U2-J5_6
Added Pin To Net: NetName=NetH3_5 Pin=U2-J5_9
Added Pin To Net: NetName=NetJ2_6 Pin=U2-J5_15
Added Pin To Net: NetName=3V3 Pin=U2-J5_19
Added Pin To Net: NetName=NetD3_2 Pin=U4-1
Added Pin To Net: NetName=VCC Pin=U5-1
Added Pin To Net: NetName=GND Pin=U5-2
Added Pin To Net: NetName=NetC9_1 Pin=R10-1
Added Pin To Net: NetName=NetC9_1 Pin=R11-2
Added Pin To Net: NetName=NetC9_1 Pin=U2-J4_15
Added Net: Name=NetC9_1
Added Pin To Net: NetName=NetC10_1 Pin=SET1-1
Added Pin To Net: NetName=NetC10_1 Pin=U2-J5_13
Added Net: Name=NetC10_1
Added Pin To Net: NetName=NetR1_1 Pin=U2-J5_11
Added Net: Name=NetR1_1
Added Pin To Net: NetName=NetR1_2 Pin=U5-3
Added Net: Name=NetR1_2
Added Member To Class: ClassName=Sheet1 Member=Component U2 ESP32_NODEMCU
Added Member To Class: ClassName=Sheet1 Member=Component U5 SW520
