Removed Pin From Net: NetName=GND Pin=U1-J4_1
Removed Pin From Net: NetName=NetP1_3 Pin=U1-J4_3
Removed Pin From Net: NetName=NetP1_4 Pin=U1-J4_6
Removed Pin From Net: NetName=GND Pin=U1-J4_7
Removed Pin From Net: NetName=NetJ1_5 Pin=U1-J4_13
Removed Pin From Net: NetName=NetC9_2 Pin=U1-J4_15
Removed Pin From Net: NetName=NetJ1_3 Pin=U1-J5_3
Removed Pin From Net: NetName=NetJ1_4 Pin=U1-J5_4
Removed Pin From Net: NetName=GND Pin=U1-J5_6
Removed Pin From Net: NetName=NetP1_8 Pin=U1-J5_11
Removed Pin From Net: NetName=NetC10_1 Pin=U1-J5_13
Removed Pin From Net: NetName=NetJ1_6 Pin=U1-J5_15
Removed Pin From Net: NetName=3V3 Pin=U1-J5_19
Change Component Footprint: Designator=U1 Old Footprint=MODULE_ESP32_NODEMCU New Footprint=MODULE_ESP32_DEVKIT_V1
Change Component Comment : Designator=U1 Old Comment=ESP32_NODEMCU New Comment=ESP32-DEVKIT-V1
Change component parameters: Designator = "U1" ("U1"); Footprint = "MODULE_ESP32_NODEMCU"; UniqueID = "\QLGNHSVP" ("\QLGNHSVP")
Change component parameters (AddParameter): Name = "Availability"; Value = "Not in stock"; VariantName = "[No Variations]"
Change component parameters (AddParameter): Name = "Check_prices"; Value = "https://www.snapeda.com/parts/ESP32-DEVKIT-V1/Do+it/view-part/?ref=eda"; VariantName = "[No Variations]"
Change component parameters (AddParameter): Name = "MF"; Value = "Do it"; VariantName = "[No Variations]"
Change component parameters (AddParameter): Name = "MP"; Value = "ESP32-DEVKIT-V1"; VariantName = "[No Variations]"
Change component parameters (AddParameter): Name = "Package"; Value = "None"; VariantName = "[No Variations]"
Change component parameters (AddParameter): Name = "Price"; Value = "None"; VariantName = "[No Variations]"
Change component parameters (AddParameter): Name = "SnapEDA_Link"; Value = "https://www.snapeda.com/parts/ESP32-DEVKIT-V1/Do+it/view-part/?ref=snap"; VariantName = "[No Variations]"
Change component parameters (AddParameter): Name = "Value"; Value = ""; VariantName = "[No Variations]"
Added Pin To Net: NetName=3V3 Pin=U1-1
Added Pin To Net: NetName=GND Pin=U1-2
Added Pin To Net: NetName=NetP1_8 Pin=U1-4
Added Pin To Net: NetName=NetJ1_5 Pin=U1-5
Added Pin To Net: NetName=NetJ1_4 Pin=U1-6
Added Pin To Net: NetName=NetJ1_3 Pin=U1-7
Added Pin To Net: NetName=NetP1_4 Pin=U1-11
Added Pin To Net: NetName=NetP1_3 Pin=U1-14
Added Pin To Net: NetName=NetC10_1 Pin=U1-19
Added Pin To Net: NetName=NetC9_2 Pin=U1-20
Added Pin To Net: NetName=NetJ1_6 Pin=U1-25
Added Pin To Net: NetName=GND Pin=U1-29
Added Pin To Net: NetName=NetU1_12 Pin=U1-12
Added Pin To Net: NetName=NetU1_12 Pin=U3-10
Added Net: Name=NetU1_12
Added Pin To Net: NetName=NetU1_13 Pin=U1-13
Added Pin To Net: NetName=NetU1_13 Pin=U3-11
Added Net: Name=NetU1_13
Added Pin To Net: NetName=NetU1_21 Pin=U1-21
Added Pin To Net: NetName=NetU1_21 Pin=U3-9
Added Net: Name=NetU1_21
Added Room: Name=Sheet1
